2020-05-12 23:29:04,155 INFO (StartupInfoLogger.java:55)- Starting springBootApplication on DESKTOP-LCULKOV with PID 2868 (D:\github项目资源包\springBoot\target\classes started by ThinkPad in D:\github项目资源包\springBoot)
2020-05-12 23:29:04,155 DEBUG (StartupInfoLogger.java:56)- Running with Spring Boot v2.2.6.RELEASE, Spring v5.2.5.RELEASE
2020-05-12 23:29:04,170 INFO (SpringApplication.java:651)- No active profile set, falling back to default profiles: default
2020-05-12 23:29:06,107 INFO (StartupInfoLogger.java:61)- Started springBootApplication in 2.411 seconds (JVM running for 3.708)
2020-05-12 23:29:12,915 DEBUG (BaseJdbcLogger.java:143)- ==>  Preparing: SELECT * FROM user 
2020-05-12 23:29:12,928 DEBUG (BaseJdbcLogger.java:143)- ==> Parameters: 
2020-05-12 23:29:12,948 DEBUG (BaseJdbcLogger.java:143)- <==      Total: 2
2020-05-12 23:29:26,610 DEBUG (BaseJdbcLogger.java:143)- ==>  Preparing: SELECT * FROM user 
2020-05-12 23:29:26,611 DEBUG (BaseJdbcLogger.java:143)- ==> Parameters: 
2020-05-12 23:29:26,616 DEBUG (BaseJdbcLogger.java:143)- <==      Total: 2
2020-05-12 23:53:37,271 INFO (StartupInfoLogger.java:55)- Starting springBootApplication on DESKTOP-LCULKOV with PID 9884 (D:\github项目资源包\springBoot\target\classes started by ThinkPad in D:\github项目资源包\springBoot)
2020-05-12 23:53:37,273 DEBUG (StartupInfoLogger.java:56)- Running with Spring Boot v2.2.6.RELEASE, Spring v5.2.5.RELEASE
2020-05-12 23:53:37,274 INFO (SpringApplication.java:651)- No active profile set, falling back to default profiles: default
2020-05-12 23:53:39,529 INFO (StartupInfoLogger.java:61)- Started springBootApplication in 2.766 seconds (JVM running for 3.928)
2020-05-31 14:04:28,226 INFO (StartupInfoLogger.java:55)- Starting springBootApplication on SUPPERSTARLIQUN with PID 9648 (D:\项目管理\springBoot\target\classes started by liqun in D:\项目管理\springBoot)
2020-05-31 14:04:28,231 DEBUG (StartupInfoLogger.java:56)- Running with Spring Boot v2.2.6.RELEASE, Spring v5.2.5.RELEASE
2020-05-31 14:04:28,232 INFO (SpringApplication.java:651)- No active profile set, falling back to default profiles: default
2020-05-31 14:04:32,069 INFO (StartupInfoLogger.java:61)- Started springBootApplication in 4.648 seconds (JVM running for 9.657)
2020-05-31 14:13:23,742 INFO (StartupInfoLogger.java:55)- Starting springBootApplication on SUPPERSTARLIQUN with PID 7204 (D:\项目管理\SpringBoot\target\classes started by liqun in D:\项目管理\SpringBoot)
2020-05-31 14:13:23,742 DEBUG (StartupInfoLogger.java:56)- Running with Spring Boot v2.2.6.RELEASE, Spring v5.2.5.RELEASE
2020-05-31 14:13:23,742 INFO (SpringApplication.java:651)- No active profile set, falling back to default profiles: default
2020-05-31 14:13:27,248 INFO (StartupInfoLogger.java:61)- Started springBootApplication in 4.227 seconds (JVM running for 7.831)
2020-08-18 22:59:15,335 INFO (StartupInfoLogger.java:55)- Starting PersonalBlogApplication on DESKTOP-LCULKOV with PID 14596 (C:\Users\ThinkPad\Desktop\PersonalBlog\target\classes started by ThinkPad in C:\Users\ThinkPad\Desktop\PersonalBlog)
2020-08-18 22:59:15,335 DEBUG (StartupInfoLogger.java:56)- Running with Spring Boot v2.2.6.RELEASE, Spring v5.2.5.RELEASE
2020-08-18 22:59:15,335 INFO (SpringApplication.java:651)- No active profile set, falling back to default profiles: default
2020-08-18 22:59:17,979 INFO (StartupInfoLogger.java:61)- Started PersonalBlogApplication in 3.248 seconds (JVM running for 5.851)
2020-08-18 22:59:38,383 INFO (StartupInfoLogger.java:55)- Starting PersonalBlogApplication on DESKTOP-LCULKOV with PID 15752 (C:\Users\ThinkPad\Desktop\PersonalBlog\target\classes started by ThinkPad in C:\Users\ThinkPad\Desktop\PersonalBlog)
2020-08-18 22:59:38,398 DEBUG (StartupInfoLogger.java:56)- Running with Spring Boot v2.2.6.RELEASE, Spring v5.2.5.RELEASE
2020-08-18 22:59:38,398 INFO (SpringApplication.java:651)- No active profile set, falling back to default profiles: default
2020-08-18 22:59:40,976 INFO (StartupInfoLogger.java:61)- Started PersonalBlogApplication in 3.186 seconds (JVM running for 4.613)
2020-08-18 23:00:01,516 INFO (StartupInfoLogger.java:55)- Starting PersonalBlogApplication on DESKTOP-LCULKOV with PID 9380 (C:\Users\ThinkPad\Desktop\PersonalBlog\target\classes started by ThinkPad in C:\Users\ThinkPad\Desktop\PersonalBlog)
2020-08-18 23:00:01,516 DEBUG (StartupInfoLogger.java:56)- Running with Spring Boot v2.2.6.RELEASE, Spring v5.2.5.RELEASE
2020-08-18 23:00:01,516 INFO (SpringApplication.java:651)- No active profile set, falling back to default profiles: default
2020-08-18 23:00:03,627 INFO (StartupInfoLogger.java:61)- Started PersonalBlogApplication in 2.635 seconds (JVM running for 3.787)
2020-08-18 23:02:02,725 INFO (StartupInfoLogger.java:55)- Starting PersonalBlogApplication on DESKTOP-LCULKOV with PID 17908 (C:\Users\ThinkPad\Desktop\PersonalBlog\target\classes started by ThinkPad in C:\Users\ThinkPad\Desktop\PersonalBlog)
2020-08-18 23:02:02,725 DEBUG (StartupInfoLogger.java:56)- Running with Spring Boot v2.2.6.RELEASE, Spring v5.2.5.RELEASE
2020-08-18 23:02:02,740 INFO (SpringApplication.java:651)- No active profile set, falling back to default profiles: default
2020-08-18 23:02:05,264 INFO (StartupInfoLogger.java:61)- Started PersonalBlogApplication in 3.066 seconds (JVM running for 4.089)
2020-08-18 23:02:37,730 INFO (StartupInfoLogger.java:55)- Starting PersonalBlogApplication on DESKTOP-LCULKOV with PID 18768 (C:\Users\ThinkPad\Desktop\PersonalBlog\target\classes started by ThinkPad in C:\Users\ThinkPad\Desktop\PersonalBlog)
2020-08-18 23:02:37,730 DEBUG (StartupInfoLogger.java:56)- Running with Spring Boot v2.2.6.RELEASE, Spring v5.2.5.RELEASE
2020-08-18 23:02:37,730 INFO (SpringApplication.java:651)- No active profile set, falling back to default profiles: default
2020-08-18 23:02:39,882 INFO (StartupInfoLogger.java:61)- Started PersonalBlogApplication in 2.632 seconds (JVM running for 3.713)
2020-08-18 23:04:01,283 INFO (StartupInfoLogger.java:55)- Starting PersonalBlogApplication on DESKTOP-LCULKOV with PID 16588 (C:\Users\ThinkPad\Desktop\PersonalBlog\target\classes started by ThinkPad in C:\Users\ThinkPad\Desktop\PersonalBlog)
2020-08-18 23:04:01,299 DEBUG (StartupInfoLogger.java:56)- Running with Spring Boot v2.2.6.RELEASE, Spring v5.2.5.RELEASE
2020-08-18 23:04:01,299 INFO (SpringApplication.java:651)- No active profile set, falling back to default profiles: default
2020-08-18 23:04:03,434 INFO (StartupInfoLogger.java:61)- Started PersonalBlogApplication in 2.744 seconds (JVM running for 3.834)
